<?xml version="1.0" encoding="UTF-8"?>
<testsuite xmlns:xsi="http://www.w3.org/2001/XMLSchema-instance" xsi:noNamespaceSchemaLocation="https://maven.apache.org/surefire/maven-surefire-plugin/xsd/surefire-test-report-3.0.xsd" version="3.0" name="com.nhnacademy.bookstore.orderset.orderdetail.repository.OrderDetailRepositoryImplTest" time="1.6" tests="2" errors="0" skipped="0" failures="0">
  <properties>
[...]
</properties>
  <testcase name="testFindByCustomerId" classname="com.nhnacademy.bookstore.orderset.orderdetail.repository.OrderDetailRepositoryImplTest" time="0.024">
    <system-out><![CDATA[2025-11-18 18:15:28 - Could not detect default configuration classes for test class [com.nhnacademy.bookstore.orderset.orderdetail.repository.OrderDetailRepositoryImplTest]: OrderDetailRepositoryImplTest does not declare any static, non-private, non-final, nested classes annotated with @Configuration.
2025-11-18 18:15:28 - Found @SpringBootConfiguration com.nhnacademy.bookstore.BookstoreApplication for test class com.nhnacademy.bookstore.orderset.orderdetail.repository.OrderDetailRepositoryImplTest
18:15:28,829 |-INFO in ch.qos.logback.core.model.processor.AppenderModelHandler - Processing appender named [CONSOLE]
18:15:28,829 |-INFO in ch.qos.logback.core.model.processor.AppenderModelHandler - About to instantiate appender of type [ch.qos.logback.core.ConsoleAppender]
18:15:28,829 |-INFO in ch.qos.logback.core.model.processor.ImplicitModelHandler - Assuming default type [ch.qos.logback.classic.encoder.PatternLayoutEncoder] for [encoder] property
18:15:28,830 |-INFO in ch.qos.logback.core.model.processor.AppenderModelHandler - Processing appender named [FILE]
18:15:28,830 |-INFO in ch.qos.logback.core.model.processor.AppenderModelHandler - About to instantiate appender of type [ch.qos.logback.core.FileAppender]
18:15:28,830 |-INFO in ch.qos.logback.core.model.processor.ImplicitModelHandler - Assuming default type [ch.qos.logback.classic.encoder.PatternLayoutEncoder] for [encoder] property
18:15:28,830 |-INFO in ch.qos.logback.core.FileAppender[FILE] - File property is set to [logs/file-app.log]
18:15:28,830 |-INFO in ch.qos.logback.core.model.processor.AppenderModelHandler - Processing appender named [ROLLING]
18:15:28,830 |-INFO in ch.qos.logback.core.model.processor.AppenderModelHandler - About to instantiate appender of type [ch.qos.logback.core.rolling.RollingFileAppender]
18:15:28,830 |-WARN in ch.qos.logback.core.model.processor.ImplicitModelHandler - Ignoring unknown property [maxFileSize] in [ch.qos.logback.core.rolling.TimeBasedRollingPolicy]
18:15:28,830 |-INFO in c.q.l.core.rolling.TimeBasedRollingPolicy@2128406143 - setting totalSizeCap to 30 MB
18:15:28,830 |-INFO in c.q.l.core.rolling.TimeBasedRollingPolicy@2128406143 - No compression will be used
18:15:28,830 |-INFO in c.q.l.core.rolling.TimeBasedRollingPolicy@2128406143 - Will use the pattern logs/myapp.%d{yyyy-MM-dd}.log for the active file
18:15:28,830 |-INFO in c.q.l.core.rolling.DefaultTimeBasedFileNamingAndTriggeringPolicy - The date pattern is 'yyyy-MM-dd' from file name pattern 'logs/myapp.%d{yyyy-MM-dd}.log'.
18:15:28,830 |-INFO in c.q.l.core.rolling.DefaultTimeBasedFileNamingAndTriggeringPolicy - Roll-over at midnight.
18:15:28,831 |-INFO in c.q.l.core.rolling.DefaultTimeBasedFileNamingAndTriggeringPolicy - Setting initial period to 2025-11-18T09:15:28.814Z
18:15:28,831 |-INFO in ch.qos.logback.core.model.processor.ImplicitModelHandler - Assuming default type [ch.qos.logback.classic.encoder.PatternLayoutEncoder] for [encoder] property
18:15:28,831 |-INFO in ch.qos.logback.core.rolling.RollingFileAppender[ROLLING] - Active log file name: logs/rolling-app.log
18:15:28,831 |-INFO in ch.qos.logback.core.rolling.RollingFileAppender[ROLLING] - File property is set to [logs/rolling-app.log]
18:15:28,831 |-INFO in ch.qos.logback.classic.model.processor.LoggerModelHandler - Setting level of logger [com.nhnacademy.bookstore.common] to INFO
18:15:28,831 |-INFO in ch.qos.logback.classic.jul.LevelChangePropagator@581e9420 - Propagating INFO level on Logger[com.nhnacademy.bookstore.common] onto the JUL framework
18:15:28,831 |-INFO in ch.qos.logback.core.model.processor.AppenderRefModelHandler - Attaching appender named [CONSOLE] to Logger[com.nhnacademy.bookstore.common]
18:15:28,831 |-INFO in ch.qos.logback.core.model.processor.AppenderRefModelHandler - Attaching appender named [FILE] to Logger[com.nhnacademy.bookstore.common]
18:15:28,831 |-INFO in ch.qos.logback.classic.model.processor.RootLoggerModelHandler - Setting level of ROOT logger to WARN
18:15:28,831 |-INFO in ch.qos.logback.classic.jul.LevelChangePropagator@581e9420 - Propagating WARN level on Logger[ROOT] onto the JUL framework
18:15:28,831 |-INFO in ch.qos.logback.core.model.processor.AppenderRefModelHandler - Attaching appender named [CONSOLE] to Logger[ROOT]
18:15:28,831 |-INFO in ch.qos.logback.core.model.processor.AppenderRefModelHandler - Attaching appender named [ROLLING] to Logger[ROOT]
18:15:28,831 |-INFO in ch.qos.logback.core.model.processor.DefaultProcessor@5c0ec2ce - End of configuration.
18:15:28,831 |-INFO in org.springframework.boot.logging.logback.SpringBootJoranConfigurator@577b26e5 - Registering current configuration as safe fallback point


  .   ____          _            __ _ _
 /\\ / ___'_ __ _ _(_)_ __  __ _ \ \ \ \
( ( )\___ | '_ | '_| | '_ \/ _` | \ \ \ \
 \\/  ___)| |_)| | | | | || (_| |  ) ) ) )
  '  |____| .__|_| |_|_| |_\__, | / / / /
 =========|_|==============|___/=/_/_/_/

 :: Spring Boot ::                (v3.3.4)

2025-11-18 18:15:29 - HHH90000025: H2Dialect does not need to be specified explicitly using 'hibernate.dialect' (remove the property setting and it will be selected by default)
2025-11-18 18:15:29 - HHH000038: Composite-id class does not override equals(): com.nhnacademy.bookstore.bookset.book.entity.BookContributor$BookContributorId
2025-11-18 18:15:29 - HHH000039: Composite-id class does not override hashCode(): com.nhnacademy.bookstore.bookset.book.entity.BookContributor$BookContributorId
2025-11-18 18:15:29 - HHH000038: Composite-id class does not override equals(): com.nhnacademy.bookstore.bookset.book.entity.BookCategory$BookCategoryId
2025-11-18 18:15:29 - HHH000039: Composite-id class does not override hashCode(): com.nhnacademy.bookstore.bookset.book.entity.BookCategory$BookCategoryId
Hibernate: 
    create table book (
        book_id bigint generated by default as identity,
        description TEXT,
        gift_wrappable boolean not null,
        is_active boolean not null,
        isbn varchar(13) not null,
        likes INT default 0 not null,
        published_date date not null,
        remain_quantity INT default 0 not null,
        retail_price integer not null,
        selling_price integer not null,
        title varchar(200) not null,
        views INT default 0 not null,
        publisher_id bigint not null,
        primary key (book_id)
    )
Hibernate: 
    create table book_category (
        book_id bigint not null,
        category_id bigint not null,
        primary key (book_id, category_id)
    )
Hibernate: 
    create table book_contributor (
        book_id bigint not null,
        contributor_id bigint not null,
        primary key (book_id, contributor_id)
    )
Hibernate: 
    create table book_image (
        book_image_id bigint generated by default as identity,
        image_type varchar(255) not null,
        book_id bigint not null,
        image_id bigint not null,
        primary key (book_image_id)
    )
Hibernate: 
    create table book_tag (
        book_id bigint not null,
        tag_id bigint not null,
        primary key (book_id, tag_id)
    )
Hibernate: 
    create table carrier (
        carrier_id bigint generated by default as identity,
        contact_email varchar(255),
        contact_number varchar(20),
        name varchar(100),
        website_url varchar(255),
        primary key (carrier_id)
    )
Hibernate: 
    create table cart (
        book_id bigint not null,
        customer_id bigint not null,
        quantity integer,
        primary key (book_id, customer_id)
    )
Hibernate: 
    create table category (
        category_id bigint generated by default as identity,
        is_active boolean not null,
        name varchar(50) not null,
        parent_category_id bigint,
        primary key (category_id)
    )
Hibernate: 
    create table contributor (
        contributor_id bigint generated by default as identity,
        is_active boolean,
        name varchar(30),
        contributor_role_id bigint,
        primary key (contributor_id)
    )
Hibernate: 
    create table contributor_role (
        contributor_role_id bigint generated by default as identity,
        name varchar(50),
        primary key (contributor_role_id)
    )
Hibernate: 
    create table coupon (
        coupon_id bigint generated by default as identity,
        created_at date,
        expired_at date,
        name varchar(30),
        quantity integer,
        coupon_policy_id bigint,
        primary key (coupon_id)
    )
Hibernate: 
    create table coupon_book (
        book_id bigint not null,
        coupon_id bigint not null,
        primary key (book_id, coupon_id)
    )
Hibernate: 
    create table coupon_category (
        category_id bigint not null,
        coupon_id bigint not null,
        primary key (category_id, coupon_id)
    )
Hibernate: 
    create table coupon_policy (
        coupon_policy_id bigint generated by default as identity,
        detail varchar(255),
        discount_type enum ('ACTUAL','PERCENT'),
        discount_value integer,
        duration integer,
        is_active boolean,
        max_discount integer,
        name varchar(20),
        usage_limit integer,
        primary key (coupon_policy_id)
    )
Hibernate: 
    create table customer (
        customer_id bigint generated by default as identity,
        email varchar(50) not null,
        name varchar(50) not null,
        phone varchar(20) not null,
        primary key (customer_id)
    )
Hibernate: 
    create table image (
        image_id bigint generated by default as identity,
        url varchar(255) not null,
        primary key (image_id)
    )
Hibernate: 
    create table "likes" (
        like_id bigint generated by default as identity,
        book_id bigint not null,
        customer_id bigint not null,
        primary key (like_id)
    )
Hibernate: 
    create table member (
        acc_purchase integer not null,
        birthday date,
        birthday_month integer,
        gender enum ('F','M'),
        is_payco_login boolean not null,
        join_date date not null,
        login_id varchar(20) not null,
        nickname varchar(20) not null,
        password varchar(255) not null,
        point integer not null,
        recent_login_date date,
        customer_id bigint not null,
        member_status_id bigint not null,
        member_tier_id bigint not null,
        primary key (customer_id)
    )
Hibernate: 
    create table member_address (
        member_address_id bigint generated by default as identity,
        address_alias varchar(255),
        available boolean not null,
        is_default_address boolean,
        detail_address varchar(255),
        postal_code CHAR(5),
        receiver varchar(255),
        road_address varchar(255),
        customer_id bigint not null,
        primary key (member_address_id)
    )
Hibernate: 
    create table member_coupon (
        coupon_usage_id bigint generated by default as identity,
        invalid_time timestamp(6),
        is_used boolean,
        receive_time timestamp(6),
        used_date timestamp(6),
        coupon_id bigint,
        customer_id bigint,
        primary key (coupon_usage_id)
    )
Hibernate: 
    create table member_status (
        member_status_id bigint generated by default as identity,
        status varchar(10) not null,
        primary key (member_status_id)
    )
Hibernate: 
    create table member_tier (
        member_tier_id bigint generated by default as identity,
        acc_rate integer not null,
        max_promotion integer not null,
        min_promotion integer not null,
        name enum ('GOLD','NORMAL','PLATINUM','ROYAL'),
        status boolean not null,
        primary key (member_tier_id)
    )
Hibernate: 
    create table non_member (
        customer_id bigint not null,
        password varchar(255) not null,
        primary key (customer_id)
    )
Hibernate: 
    create table order_detail (
        order_detail_id bigint generated by default as identity,
        final_price integer not null,
        quantity integer not null,
        sell_price integer not null,
        book_id bigint not null,
        order_id bigint not null,
        primary key (order_detail_id)
    )
Hibernate: 
    create table order_state (
        order_state_id bigint not null,
        name varchar(20) not null,
        primary key (order_state_id)
    )
Hibernate: 
    create table orders (
        order_id bigint generated by default as identity,
        coupon_sale_price integer default 0 not null,
        desired_delivery_date date,
        detail_address varchar(100),
        order_code varchar(255),
        order_date timestamp(6) not null,
        point_usage integer default 0 not null,
        postal_code CHAR(5),
        receiver varchar(20) not null,
        road_address varchar(100) not null,
        shipping_fee integer not null,
        total_price integer not null,
        coupon_usage_id bigint,
        customer_id bigint not null,
        order_state_id bigint not null,
        primary key (order_id)
    )
Hibernate: 
    create table payment_history (
        payment_history_id bigint generated by default as identity,
        amount_paid integer not null,
        payment_code varchar(255) not null,
        payment_date timestamp(6) not null,
        order_id bigint,
        payment_method_id bigint,
        status_id bigint,
        primary key (payment_history_id)
    )
Hibernate: 
    create table payment_method (
        payment_method_id bigint generated by default as identity,
        name varchar(255) not null,
        primary key (payment_method_id)
    )
Hibernate: 
    create table point_history (
        point_history_id bigint generated by default as identity,
        customer_id bigint,
        order_id bigint,
        point_val integer,
        refund_history_id bigint,
        register_date timestamp(6),
        point_type_id bigint,
        primary key (point_history_id)
    )
Hibernate: 
    create table point_type (
        point_type_id bigint generated by default as identity,
        acc_val integer,
        is_active boolean,
        name varchar(255),
        type enum ('ACTUAL','PERCENT'),
        primary key (point_type_id)
    )
Hibernate: 
    create table publisher (
        publisher_id bigint generated by default as identity,
        name varchar(50) not null,
        primary key (publisher_id)
    )
Hibernate: 
    create table refund_history (
        refund_history_id bigint generated by default as identity,
        approved_at timestamp(6),
        created_at timestamp(6),
        is_approved boolean not null,
        refund_fee integer not null,
        save_point bigint not null,
        order_id bigint not null,
        refund_policy_id bigint not null,
        primary key (refund_history_id)
    )
Hibernate: 
    create table refund_policy (
        refund_policy_id bigint not null,
        description TEXT not null,
        period integer not null,
        policy enum ('DAMAGE','SIMPLE_CHANGE') not null,
        refund_fee integer not null,
        primary key (refund_policy_id)
    )
Hibernate: 
    create table review (
        review_id bigint generated by default as identity,
        created_at timestamp(6),
        image_url varchar(255),
        rating_value TINYINT,
        text varchar(255),
        title varchar(255),
        updated_at timestamp(6),
        book_id bigint,
        customer_id bigint,
        order_detail_id bigint,
        primary key (review_id)
    )
Hibernate: 
    create table review_image (
        review_image_id bigint generated by default as identity,
        image_id bigint not null,
        review_id bigint not null,
        primary key (review_image_id)
    )
Hibernate: 
    create table shipment (
        shipment_id bigint generated by default as identity,
        delivery_date timestamp(6),
        requirement varchar(32),
        shipping_date timestamp(6),
        tracking_number varchar(255),
        carrier_id bigint,
        order_id bigint,
        shipment_policy_id bigint,
        primary key (shipment_id)
    )
Hibernate: 
    create table shipment_policy (
        shipment_policy_id bigint generated by default as identity,
        created_at TIMESTAMP DEFAULT CURRENT_TIMESTAMP,
        is_active boolean,
        is_member_only boolean,
        min_order_amount integer,
        name varchar(255),
        shipping_fee integer,
        updated_at timestamp(6),
        primary key (shipment_policy_id)
    )
Hibernate: 
    create table status (
        status_id bigint generated by default as identity,
        name enum ('CANCELLED','COMPLETED','PENDING') not null,
        primary key (status_id)
    )
Hibernate: 
    create table tag (
        tag_id bigint generated by default as identity,
        name varchar(25) not null,
        primary key (tag_id)
    )
Hibernate: 
    create table wrap (
        wrap_id bigint generated by default as identity,
        is_active boolean not null,
        name varchar(255),
        wrap_price integer not null,
        primary key (wrap_id)
    )
Hibernate: 
    create table wrap_image (
        package_image_id bigint generated by default as identity,
        image_id bigint not null,
        wrap_id bigint not null,
        primary key (package_image_id)
    )
Hibernate: 
    create table wrap_manage (
        wrap_manage_id bigint generated by default as identity,
        order_detail_id bigint not null,
        wrap_id bigint not null,
        primary key (wrap_manage_id)
    )
Hibernate: 
    alter table if exists book 
       drop constraint if exists UKehpdfjpu1jm3hijhj4mm0hx9h
Hibernate: 
    alter table if exists book 
       add constraint UKehpdfjpu1jm3hijhj4mm0hx9h unique (isbn)
Hibernate: 
    alter table if exists category 
       drop constraint if exists UK46ccwnsi9409t36lurvtyljak
Hibernate: 
    alter table if exists category 
       add constraint UK46ccwnsi9409t36lurvtyljak unique (name)
Hibernate: 
    alter table if exists contributor 
       drop constraint if exists UKiyrn40r9a2cxg31da28q4otu9
Hibernate: 
    alter table if exists contributor 
       add constraint UKiyrn40r9a2cxg31da28q4otu9 unique (contributor_role_id, name)
Hibernate: 
    alter table if exists contributor_role 
       drop constraint if exists UK4waxswbu4hn7cyjycbbn0sn5t
Hibernate: 
    alter table if exists contributor_role 
       add constraint UK4waxswbu4hn7cyjycbbn0sn5t unique (name)
Hibernate: 
    alter table if exists coupon 
       drop constraint if exists UKdfikvnp7dxdfishfvpnlc0xc1
Hibernate: 
    alter table if exists coupon 
       add constraint UKdfikvnp7dxdfishfvpnlc0xc1 unique (name)
Hibernate: 
    alter table if exists customer 
       drop constraint if exists UKe52vu3svga42r7s9n64u1bqwx
Hibernate: 
    alter table if exists customer 
       add constraint UKe52vu3svga42r7s9n64u1bqwx unique (email, phone)
Hibernate: 
    alter table if exists "likes" 
       drop constraint if exists UKt9kdkqas7ty5ap4f1cxswiux2
Hibernate: 
    alter table if exists "likes" 
       add constraint UKt9kdkqas7ty5ap4f1cxswiux2 unique (customer_id, book_id)
Hibernate: 
    alter table if exists member 
       drop constraint if exists UKenfm5patwjqulw8k4wwuo6f60
Hibernate: 
    alter table if exists member 
       add constraint UKenfm5patwjqulw8k4wwuo6f60 unique (login_id)
Hibernate: 
    alter table if exists member_status 
       drop constraint if exists UKm3otmh3ddptr1uxvy9wrhi77u
Hibernate: 
    alter table if exists member_status 
       add constraint UKm3otmh3ddptr1uxvy9wrhi77u unique (status)
Hibernate: 
    alter table if exists orders 
       drop constraint if exists UKajhwashtm4o1ceq0a6614h2w5
Hibernate: 
    alter table if exists orders 
       add constraint UKajhwashtm4o1ceq0a6614h2w5 unique (coupon_usage_id)
Hibernate: 
    alter table if exists payment_history 
       drop constraint if exists UK62h2l1fwtqubiyuv4ccbmwos9
Hibernate: 
    alter table if exists payment_history 
       add constraint UK62h2l1fwtqubiyuv4ccbmwos9 unique (payment_code)
Hibernate: 
    alter table if exists payment_history 
       drop constraint if exists UKg1ie6kcgijgbvsg17hl123so
Hibernate: 
    alter table if exists payment_history 
       add constraint UKg1ie6kcgijgbvsg17hl123so unique (order_id)
Hibernate: 
    alter table if exists payment_method 
       drop constraint if exists UKai10u6l9urufl9pidfuhnmmcj
Hibernate: 
    alter table if exists payment_method 
       add constraint UKai10u6l9urufl9pidfuhnmmcj unique (name)
Hibernate: 
    alter table if exists point_type 
       drop constraint if exists UKspufbyiwb4241gpw01f6qr8lj
Hibernate: 
    alter table if exists point_type 
       add constraint UKspufbyiwb4241gpw01f6qr8lj unique (name)
Hibernate: 
    alter table if exists refund_history 
       drop constraint if exists UK9qcffctb7cw14b26f2y2uhg2x
Hibernate: 
    alter table if exists refund_history 
       add constraint UK9qcffctb7cw14b26f2y2uhg2x unique (order_id)
Hibernate: 
    alter table if exists review 
       drop constraint if exists UKn42kb24vdjwldm5mmr97s59aw
Hibernate: 
    alter table if exists review 
       add constraint UKn42kb24vdjwldm5mmr97s59aw unique (order_detail_id)
Hibernate: 
    alter table if exists shipment_policy 
       drop constraint if exists UKnmmiol55bf0sulpiipjhu8dem
Hibernate: 
    alter table if exists shipment_policy 
       add constraint UKnmmiol55bf0sulpiipjhu8dem unique (name)
Hibernate: 
    alter table if exists status 
       drop constraint if exists UKreccgx9nr0a8dwv201t44l6pd
Hibernate: 
    alter table if exists status 
       add constraint UKreccgx9nr0a8dwv201t44l6pd unique (name)
Hibernate: 
    alter table if exists wrap 
       drop constraint if exists UKk9vgdnyf4jbdd53kkkua6yah6
Hibernate: 
    alter table if exists wrap 
       add constraint UKk9vgdnyf4jbdd53kkkua6yah6 unique (name)
Hibernate: 
    alter table if exists wrap_manage 
       drop constraint if exists UKptruhdix9rult4k34omb71idx
Hibernate: 
    alter table if exists wrap_manage 
       add constraint UKptruhdix9rult4k34omb71idx unique (wrap_id, order_detail_id)
Hibernate: 
    alter table if exists book 
       add constraint FKgtvt7p649s4x80y6f4842pnfq 
       foreign key (publisher_id) 
       references publisher
Hibernate: 
    alter table if exists book_category 
       add constraint FKnyegcbpvce2mnmg26h0i856fd 
       foreign key (book_id) 
       references book
Hibernate: 
    alter table if exists book_category 
       add constraint FKam8llderp40mvbbwceqpu6l2s 
       foreign key (category_id) 
       references category
Hibernate: 
    alter table if exists book_contributor 
       add constraint FKoiepbipw7hohskv46ylw5f07j 
       foreign key (book_id) 
       references book
Hibernate: 
    alter table if exists book_contributor 
       add constraint FKl7sgh8rn1yvdaluuxexve19ba 
       foreign key (contributor_id) 
       references contributor
Hibernate: 
    alter table if exists book_image 
       add constraint FKh020sno0rk91annvrd960urno 
       foreign key (book_id) 
       references book
Hibernate: 
    alter table if exists book_image 
       add constraint FKf85sv8bn2cwvbcnskqkb1qlb9 
       foreign key (image_id) 
       references image
Hibernate: 
    alter table if exists book_tag 
       add constraint FKdrc33u5ufw8rdvajeveowgx7g 
       foreign key (book_id) 
       references book
Hibernate: 
    alter table if exists book_tag 
       add constraint FKrxw4xl05l6ns1763bq284e7m2 
       foreign key (tag_id) 
       references tag
Hibernate: 
    alter table if exists cart 
       add constraint FK5n0sq8ulj6ykdnrh4dnk0vfmw 
       foreign key (book_id) 
       references book
Hibernate: 
    alter table if exists cart 
       add constraint FKmjbs1cyivq2g9dae2j5varijp 
       foreign key (customer_id) 
       references member
Hibernate: 
    alter table if exists category 
       add constraint FKs2ride9gvilxy2tcuv7witnxc 
       foreign key (parent_category_id) 
       references category
Hibernate: 
    alter table if exists contributor 
       add constraint FKhcu56ncud9o9r2aiukmxos7uq 
       foreign key (contributor_role_id) 
       references contributor_role
Hibernate: 
    alter table if exists coupon 
       add constraint FKjnahg3a5otcynjdmxl7cq8p5k 
       foreign key (coupon_policy_id) 
       references coupon_policy
Hibernate: 
    alter table if exists coupon_book 
       add constraint FKbdwo8tl9x62r3rf8d6ek9jelo 
       foreign key (book_id) 
       references book
Hibernate: 
    alter table if exists coupon_book 
       add constraint FKjwbhq8txh319y6mgv6reaccl1 
       foreign key (coupon_id) 
       references coupon
Hibernate: 
    alter table if exists coupon_category 
       add constraint FK4y0p3akmcuccdc0bja38e4gi5 
       foreign key (category_id) 
       references category
Hibernate: 
    alter table if exists coupon_category 
       add constraint FK1bux7hg7xiwnicbbf3ys8j2x3 
       foreign key (coupon_id) 
       references coupon
Hibernate: 
    alter table if exists "likes" 
       add constraint FKhkm63cpavadk02bcyx1o17wtx 
       foreign key (book_id) 
       references book
Hibernate: 
    alter table if exists "likes" 
       add constraint FKe5j6y8qhm2iugqjetdoro2jqr 
       foreign key (customer_id) 
       references member
Hibernate: 
    alter table if exists member 
       add constraint FKhi5bxumx6mx2rddoja37ty8q4 
       foreign key (member_status_id) 
       references member_status
Hibernate: 
    alter table if exists member 
       add constraint FKeuue6uuygjoa79gq7ho7m7tog 
       foreign key (member_tier_id) 
       references member_tier
Hibernate: 
    alter table if exists member 
       add constraint FKbaqvakoxfn8079onqo5kaxcp9 
       foreign key (customer_id) 
       references customer
Hibernate: 
    alter table if exists member_address 
       add constraint FKip9ixawn66gnbgjh58mnt2i58 
       foreign key (customer_id) 
       references member
Hibernate: 
    alter table if exists member_coupon 
       add constraint FKkxw7ja7v55gk4a368w3gs6s0j 
       foreign key (coupon_id) 
       references coupon
Hibernate: 
    alter table if exists member_coupon 
       add constraint FKmsat2cu7mlxkoh6m83fjat3b6 
       foreign key (customer_id) 
       references member
Hibernate: 
    alter table if exists order_detail 
       add constraint FK3aceepmpjwpo8pdn7gmjdfckq 
       foreign key (book_id) 
       references book
Hibernate: 
    alter table if exists order_detail 
       add constraint FKrws2q0si6oyd6il8gqe2aennc 
       foreign key (order_id) 
       references orders
Hibernate: 
    alter table if exists orders 
       add constraint FKf1o6blpxa2kptxm5bp1k2ws5a 
       foreign key (coupon_usage_id) 
       references member_coupon
Hibernate: 
    alter table if exists orders 
       add constraint FK624gtjin3po807j3vix093tlf 
       foreign key (customer_id) 
       references customer
Hibernate: 
    alter table if exists orders 
       add constraint FKiqkvqjiti5xw0anrad7xnkvoe 
       foreign key (order_state_id) 
       references order_state
Hibernate: 
    alter table if exists payment_history 
       add constraint FKn278ec2ny1ai0e8hikff93x43 
       foreign key (order_id) 
       references orders
Hibernate: 
    alter table if exists payment_history 
       add constraint FKcxpi9bsdcjdr0imxhe9g4hoik 
       foreign key (payment_method_id) 
       references payment_method
Hibernate: 
    alter table if exists payment_history 
       add constraint FK3772s6ixp8sl4m34kuphp2v37 
       foreign key (status_id) 
       references status
Hibernate: 
    alter table if exists point_history 
       add constraint FK2fi5722is0em7g0xy047c40oj 
       foreign key (point_type_id) 
       references point_type
Hibernate: 
    alter table if exists refund_history 
       add constraint FKe1lxpav50kiioe3e5esbu7mgy 
       foreign key (order_id) 
       references orders
Hibernate: 
    alter table if exists refund_history 
       add constraint FK6a5lyubjaykpllksj46tat4kg 
       foreign key (refund_policy_id) 
       references refund_policy
Hibernate: 
    alter table if exists review 
       add constraint FK70yrt09r4r54tcgkrwbeqenbs 
       foreign key (book_id) 
       references book
Hibernate: 
    alter table if exists review 
       add constraint FKkook80i56dm2507alehaaec8u 
       foreign key (customer_id) 
       references member
Hibernate: 
    alter table if exists review 
       add constraint FKcueyxqruikr81ahlxl18e6s0y 
       foreign key (order_detail_id) 
       references order_detail
Hibernate: 
    alter table if exists review_image 
       add constraint FK1afiyx13ewycv7jqy7smnquuv 
       foreign key (image_id) 
       references image
Hibernate: 
    alter table if exists review_image 
       add constraint FK16wp089tx9nm0obc217gvdd6l 
       foreign key (review_id) 
       references review
Hibernate: 
    alter table if exists shipment 
       add constraint FKqx7fy955cdwxgc95y8tsf9dro 
       foreign key (carrier_id) 
       references carrier
Hibernate: 
    alter table if exists shipment 
       add constraint FK8amw90d62x67honrwucvjado7 
       foreign key (order_id) 
       references orders
Hibernate: 
    alter table if exists shipment 
       add constraint FKqvyp2kkojvv7icmoq0p7lq5vv 
       foreign key (shipment_policy_id) 
       references shipment_policy
Hibernate: 
    alter table if exists wrap_image 
       add constraint FK1l53qa3dipr7mquqbi57is5mf 
       foreign key (image_id) 
       references image
Hibernate: 
    alter table if exists wrap_image 
       add constraint FKn3i4cqkm26abaoqhshh8p1t3c 
       foreign key (wrap_id) 
       references wrap
Hibernate: 
    alter table if exists wrap_manage 
       add constraint FK3o8t17ymjqheaka07yx8jdyyp 
       foreign key (order_detail_id) 
       references order_detail
Hibernate: 
    alter table if exists wrap_manage 
       add constraint FKlmhq3t62e7y2w0jooo9pjkb82 
       foreign key (wrap_id) 
       references wrap
Hibernate: 
    select
        ms1_0.member_status_id,
        ms1_0.status 
    from
        member_status ms1_0 
    where
        ms1_0.member_status_id=?
Hibernate: 
    insert 
    into
        member_status
        (status, member_status_id) 
    values
        (?, default)
Hibernate: 
    select
        mt1_0.member_tier_id,
        mt1_0.acc_rate,
        mt1_0.max_promotion,
        mt1_0.min_promotion,
        mt1_0.name,
        mt1_0.status 
    from
        member_tier mt1_0 
    where
        mt1_0.member_tier_id=?
Hibernate: 
    insert 
    into
        member_tier
        (acc_rate, max_promotion, min_promotion, name, status, member_tier_id) 
    values
        (?, ?, ?, ?, ?, default)
Hibernate: 
    insert 
    into
        customer
        (email, name, phone, customer_id) 
    values
        (?, ?, ?, default)
Hibernate: 
    insert 
    into
        member
        (acc_purchase, birthday, birthday_month, gender, is_payco_login, join_date, login_id, nickname, password, point, recent_login_date, member_status_id, member_tier_id, customer_id) 
    values
        (?, ?, ?, ?, ?, ?, ?, ?, ?, ?, ?, ?, ?, ?)
Hibernate: 
    insert 
    into
        publisher
        (name, publisher_id) 
    values
        (?, default)
Hibernate: 
    insert 
    into
        book
        (description, gift_wrappable, is_active, isbn, likes, published_date, publisher_id, remain_quantity, retail_price, selling_price, title, views, book_id) 
    values
        (?, ?, ?, ?, ?, ?, ?, ?, ?, ?, ?, ?, default)
Hibernate: 
    insert 
    into
        order_state
        (name, order_state_id) 
    values
        (?, ?)
Hibernate: 
    insert 
    into
        orders
        (coupon_sale_price, coupon_usage_id, customer_id, desired_delivery_date, detail_address, order_code, order_date, order_state_id, point_usage, postal_code, receiver, road_address, shipping_fee, total_price, order_id) 
    values
        (?, ?, ?, ?, ?, ?, ?, ?, ?, ?, ?, ?, ?, ?, default)
Hibernate: 
    insert 
    into
        order_detail
        (book_id, final_price, order_id, quantity, sell_price, order_detail_id) 
    values
        (?, ?, ?, ?, ?, default)
Hibernate: 
    select
        count(od1_0.order_detail_id) 
    from
        order_detail od1_0 
    join
        orders o1_0 
            on o1_0.order_id=od1_0.order_id 
    where
        o1_0.customer_id=?
Hibernate: 
    select
        od1_0.order_detail_id,
        o1_0.order_date,
        cast(os1_0.name as varchar),
        b1_0.title,
        od1_0.quantity,
        od1_0.final_price 
    from
        order_detail od1_0 
    join
        orders o1_0 
            on o1_0.order_id=od1_0.order_id 
    join
        order_state os1_0 
            on os1_0.order_state_id=o1_0.order_state_id 
    join
        book b1_0 
            on b1_0.book_id=od1_0.book_id 
    where
        o1_0.customer_id=? 
    order by
        od1_0.order_detail_id desc 
    offset
        ? rows 
    fetch
        first ? rows only
]]></system-out>
  </testcase>
  <testcase name="testFindByOrderId" classname="com.nhnacademy.bookstore.orderset.orderdetail.repository.OrderDetailRepositoryImplTest" time="0.014">
    <system-out><![CDATA[18:15:29,605 |-INFO in ch.qos.logback.core.model.processor.AppenderModelHandler - Processing appender named [CONSOLE]
18:15:29,605 |-INFO in ch.qos.logback.core.model.processor.AppenderModelHandler - About to instantiate appender of type [ch.qos.logback.core.ConsoleAppender]
18:15:29,605 |-INFO in ch.qos.logback.core.model.processor.ImplicitModelHandler - Assuming default type [ch.qos.logback.classic.encoder.PatternLayoutEncoder] for [encoder] property
18:15:29,606 |-INFO in ch.qos.logback.core.model.processor.AppenderModelHandler - Processing appender named [FILE]
18:15:29,606 |-INFO in ch.qos.logback.core.model.processor.AppenderModelHandler - About to instantiate appender of type [ch.qos.logback.core.FileAppender]
18:15:29,606 |-INFO in ch.qos.logback.core.model.processor.ImplicitModelHandler - Assuming default type [ch.qos.logback.classic.encoder.PatternLayoutEncoder] for [encoder] property
18:15:29,606 |-INFO in ch.qos.logback.core.FileAppender[FILE] - File property is set to [logs/file-app.log]
18:15:29,606 |-INFO in ch.qos.logback.core.model.processor.AppenderModelHandler - Processing appender named [ROLLING]
18:15:29,606 |-INFO in ch.qos.logback.core.model.processor.AppenderModelHandler - About to instantiate appender of type [ch.qos.logback.core.rolling.RollingFileAppender]
18:15:29,606 |-WARN in ch.qos.logback.core.model.processor.ImplicitModelHandler - Ignoring unknown property [maxFileSize] in [ch.qos.logback.core.rolling.TimeBasedRollingPolicy]
18:15:29,606 |-INFO in c.q.l.core.rolling.TimeBasedRollingPolicy@1417700483 - setting totalSizeCap to 30 MB
18:15:29,606 |-INFO in c.q.l.core.rolling.TimeBasedRollingPolicy@1417700483 - No compression will be used
18:15:29,606 |-INFO in c.q.l.core.rolling.TimeBasedRollingPolicy@1417700483 - Will use the pattern logs/myapp.%d{yyyy-MM-dd}.log for the active file
18:15:29,606 |-INFO in c.q.l.core.rolling.DefaultTimeBasedFileNamingAndTriggeringPolicy - The date pattern is 'yyyy-MM-dd' from file name pattern 'logs/myapp.%d{yyyy-MM-dd}.log'.
18:15:29,606 |-INFO in c.q.l.core.rolling.DefaultTimeBasedFileNamingAndTriggeringPolicy - Roll-over at midnight.
18:15:29,607 |-INFO in c.q.l.core.rolling.DefaultTimeBasedFileNamingAndTriggeringPolicy - Setting initial period to 2025-11-18T09:15:29.338Z
18:15:29,607 |-INFO in ch.qos.logback.core.model.processor.ImplicitModelHandler - Assuming default type [ch.qos.logback.classic.encoder.PatternLayoutEncoder] for [encoder] property
18:15:29,607 |-INFO in ch.qos.logback.core.rolling.RollingFileAppender[ROLLING] - Active log file name: logs/rolling-app.log
18:15:29,607 |-INFO in ch.qos.logback.core.rolling.RollingFileAppender[ROLLING] - File property is set to [logs/rolling-app.log]
18:15:29,607 |-INFO in ch.qos.logback.classic.model.processor.LoggerModelHandler - Setting level of logger [com.nhnacademy.bookstore.common] to INFO
18:15:29,607 |-INFO in ch.qos.logback.classic.jul.LevelChangePropagator@50f97b1b - Propagating INFO level on Logger[com.nhnacademy.bookstore.common] onto the JUL framework
18:15:29,607 |-INFO in ch.qos.logback.core.model.processor.AppenderRefModelHandler - Attaching appender named [CONSOLE] to Logger[com.nhnacademy.bookstore.common]
18:15:29,607 |-INFO in ch.qos.logback.core.model.processor.AppenderRefModelHandler - Attaching appender named [FILE] to Logger[com.nhnacademy.bookstore.common]
18:15:29,607 |-INFO in ch.qos.logback.classic.model.processor.RootLoggerModelHandler - Setting level of ROOT logger to WARN
18:15:29,607 |-INFO in ch.qos.logback.classic.jul.LevelChangePropagator@50f97b1b - Propagating WARN level on Logger[ROOT] onto the JUL framework
18:15:29,607 |-INFO in ch.qos.logback.core.model.processor.AppenderRefModelHandler - Attaching appender named [CONSOLE] to Logger[ROOT]
18:15:29,607 |-INFO in ch.qos.logback.core.model.processor.AppenderRefModelHandler - Attaching appender named [ROLLING] to Logger[ROOT]
18:15:29,607 |-INFO in ch.qos.logback.core.model.processor.DefaultProcessor@70647fd6 - End of configuration.
18:15:29,607 |-INFO in org.springframework.boot.logging.logback.SpringBootJoranConfigurator@7ed316e4 - Registering current configuration as safe fallback point


  .   ____          _            __ _ _
 /\\ / ___'_ __ _ _(_)_ __  __ _ \ \ \ \
( ( )\___ | '_ | '_| | '_ \/ _` | \ \ \ \
 \\/  ___)| |_)| | | | | || (_| |  ) ) ) )
  '  |____| .__|_| |_|_| |_\__, | / / / /
 =========|_|==============|___/=/_/_/_/

 :: Spring Boot ::                (v3.3.4)

2025-11-18 18:15:30 - HHH90000025: H2Dialect does not need to be specified explicitly using 'hibernate.dialect' (remove the property setting and it will be selected by default)
2025-11-18 18:15:30 - HHH000038: Composite-id class does not override equals(): com.nhnacademy.bookstore.bookset.book.entity.BookContributor$BookContributorId
2025-11-18 18:15:30 - HHH000039: Composite-id class does not override hashCode(): com.nhnacademy.bookstore.bookset.book.entity.BookContributor$BookContributorId
2025-11-18 18:15:30 - HHH000038: Composite-id class does not override equals(): com.nhnacademy.bookstore.bookset.book.entity.BookCategory$BookCategoryId
2025-11-18 18:15:30 - HHH000039: Composite-id class does not override hashCode(): com.nhnacademy.bookstore.bookset.book.entity.BookCategory$BookCategoryId
Hibernate: 
    create table book (
        book_id bigint generated by default as identity,
        description TEXT,
        gift_wrappable boolean not null,
        is_active boolean not null,
        isbn varchar(13) not null,
        likes INT default 0 not null,
        published_date date not null,
        remain_quantity INT default 0 not null,
        retail_price integer not null,
        selling_price integer not null,
        title varchar(200) not null,
        views INT default 0 not null,
        publisher_id bigint not null,
        primary key (book_id)
    )
Hibernate: 
    create table book_category (
        book_id bigint not null,
        category_id bigint not null,
        primary key (book_id, category_id)
    )
Hibernate: 
    create table book_contributor (
        book_id bigint not null,
        contributor_id bigint not null,
        primary key (book_id, contributor_id)
    )
Hibernate: 
    create table book_image (
        book_image_id bigint generated by default as identity,
        image_type varchar(255) not null,
        book_id bigint not null,
        image_id bigint not null,
        primary key (book_image_id)
    )
Hibernate: 
    create table book_tag (
        book_id bigint not null,
        tag_id bigint not null,
        primary key (book_id, tag_id)
    )
Hibernate: 
    create table carrier (
        carrier_id bigint generated by default as identity,
        contact_email varchar(255),
        contact_number varchar(20),
        name varchar(100),
        website_url varchar(255),
        primary key (carrier_id)
    )
Hibernate: 
    create table cart (
        book_id bigint not null,
        customer_id bigint not null,
        quantity integer,
        primary key (book_id, customer_id)
    )
Hibernate: 
    create table category (
        category_id bigint generated by default as identity,
        is_active boolean not null,
        name varchar(50) not null,
        parent_category_id bigint,
        primary key (category_id)
    )
Hibernate: 
    create table contributor (
        contributor_id bigint generated by default as identity,
        is_active boolean,
        name varchar(30),
        contributor_role_id bigint,
        primary key (contributor_id)
    )
Hibernate: 
    create table contributor_role (
        contributor_role_id bigint generated by default as identity,
        name varchar(50),
        primary key (contributor_role_id)
    )
Hibernate: 
    create table coupon (
        coupon_id bigint generated by default as identity,
        created_at date,
        expired_at date,
        name varchar(30),
        quantity integer,
        coupon_policy_id bigint,
        primary key (coupon_id)
    )
Hibernate: 
    create table coupon_book (
        book_id bigint not null,
        coupon_id bigint not null,
        primary key (book_id, coupon_id)
    )
Hibernate: 
    create table coupon_category (
        category_id bigint not null,
        coupon_id bigint not null,
        primary key (category_id, coupon_id)
    )
Hibernate: 
    create table coupon_policy (
        coupon_policy_id bigint generated by default as identity,
        detail varchar(255),
        discount_type enum ('ACTUAL','PERCENT'),
        discount_value integer,
        duration integer,
        is_active boolean,
        max_discount integer,
        name varchar(20),
        usage_limit integer,
        primary key (coupon_policy_id)
    )
Hibernate: 
    create table customer (
        customer_id bigint generated by default as identity,
        email varchar(50) not null,
        name varchar(50) not null,
        phone varchar(20) not null,
        primary key (customer_id)
    )
Hibernate: 
    create table image (
        image_id bigint generated by default as identity,
        url varchar(255) not null,
        primary key (image_id)
    )
Hibernate: 
    create table "likes" (
        like_id bigint generated by default as identity,
        book_id bigint not null,
        customer_id bigint not null,
        primary key (like_id)
    )
Hibernate: 
    create table member (
        acc_purchase integer not null,
        birthday date,
        birthday_month integer,
        gender enum ('F','M'),
        is_payco_login boolean not null,
        join_date date not null,
        login_id varchar(20) not null,
        nickname varchar(20) not null,
        password varchar(255) not null,
        point integer not null,
        recent_login_date date,
        customer_id bigint not null,
        member_status_id bigint not null,
        member_tier_id bigint not null,
        primary key (customer_id)
    )
Hibernate: 
    create table member_address (
        member_address_id bigint generated by default as identity,
        address_alias varchar(255),
        available boolean not null,
        is_default_address boolean,
        detail_address varchar(255),
        postal_code CHAR(5),
        receiver varchar(255),
        road_address varchar(255),
        customer_id bigint not null,
        primary key (member_address_id)
    )
Hibernate: 
    create table member_coupon (
        coupon_usage_id bigint generated by default as identity,
        invalid_time timestamp(6),
        is_used boolean,
        receive_time timestamp(6),
        used_date timestamp(6),
        coupon_id bigint,
        customer_id bigint,
        primary key (coupon_usage_id)
    )
Hibernate: 
    create table member_status (
        member_status_id bigint generated by default as identity,
        status varchar(10) not null,
        primary key (member_status_id)
    )
Hibernate: 
    create table member_tier (
        member_tier_id bigint generated by default as identity,
        acc_rate integer not null,
        max_promotion integer not null,
        min_promotion integer not null,
        name enum ('GOLD','NORMAL','PLATINUM','ROYAL'),
        status boolean not null,
        primary key (member_tier_id)
    )
Hibernate: 
    create table non_member (
        customer_id bigint not null,
        password varchar(255) not null,
        primary key (customer_id)
    )
Hibernate: 
    create table order_detail (
        order_detail_id bigint generated by default as identity,
        final_price integer not null,
        quantity integer not null,
        sell_price integer not null,
        book_id bigint not null,
        order_id bigint not null,
        primary key (order_detail_id)
    )
Hibernate: 
    create table order_state (
        order_state_id bigint not null,
        name varchar(20) not null,
        primary key (order_state_id)
    )
Hibernate: 
    create table orders (
        order_id bigint generated by default as identity,
        coupon_sale_price integer default 0 not null,
        desired_delivery_date date,
        detail_address varchar(100),
        order_code varchar(255),
        order_date timestamp(6) not null,
        point_usage integer default 0 not null,
        postal_code CHAR(5),
        receiver varchar(20) not null,
        road_address varchar(100) not null,
        shipping_fee integer not null,
        total_price integer not null,
        coupon_usage_id bigint,
        customer_id bigint not null,
        order_state_id bigint not null,
        primary key (order_id)
    )
Hibernate: 
    create table payment_history (
        payment_history_id bigint generated by default as identity,
        amount_paid integer not null,
        payment_code varchar(255) not null,
        payment_date timestamp(6) not null,
        order_id bigint,
        payment_method_id bigint,
        status_id bigint,
        primary key (payment_history_id)
    )
Hibernate: 
    create table payment_method (
        payment_method_id bigint generated by default as identity,
        name varchar(255) not null,
        primary key (payment_method_id)
    )
Hibernate: 
    create table point_history (
        point_history_id bigint generated by default as identity,
        customer_id bigint,
        order_id bigint,
        point_val integer,
        refund_history_id bigint,
        register_date timestamp(6),
        point_type_id bigint,
        primary key (point_history_id)
    )
Hibernate: 
    create table point_type (
        point_type_id bigint generated by default as identity,
        acc_val integer,
        is_active boolean,
        name varchar(255),
        type enum ('ACTUAL','PERCENT'),
        primary key (point_type_id)
    )
Hibernate: 
    create table publisher (
        publisher_id bigint generated by default as identity,
        name varchar(50) not null,
        primary key (publisher_id)
    )
Hibernate: 
    create table refund_history (
        refund_history_id bigint generated by default as identity,
        approved_at timestamp(6),
        created_at timestamp(6),
        is_approved boolean not null,
        refund_fee integer not null,
        save_point bigint not null,
        order_id bigint not null,
        refund_policy_id bigint not null,
        primary key (refund_history_id)
    )
Hibernate: 
    create table refund_policy (
        refund_policy_id bigint not null,
        description TEXT not null,
        period integer not null,
        policy enum ('DAMAGE','SIMPLE_CHANGE') not null,
        refund_fee integer not null,
        primary key (refund_policy_id)
    )
Hibernate: 
    create table review (
        review_id bigint generated by default as identity,
        created_at timestamp(6),
        image_url varchar(255),
        rating_value TINYINT,
        text varchar(255),
        title varchar(255),
        updated_at timestamp(6),
        book_id bigint,
        customer_id bigint,
        order_detail_id bigint,
        primary key (review_id)
    )
Hibernate: 
    create table review_image (
        review_image_id bigint generated by default as identity,
        image_id bigint not null,
        review_id bigint not null,
        primary key (review_image_id)
    )
Hibernate: 
    create table shipment (
        shipment_id bigint generated by default as identity,
        delivery_date timestamp(6),
        requirement varchar(32),
        shipping_date timestamp(6),
        tracking_number varchar(255),
        carrier_id bigint,
        order_id bigint,
        shipment_policy_id bigint,
        primary key (shipment_id)
    )
Hibernate: 
    create table shipment_policy (
        shipment_policy_id bigint generated by default as identity,
        created_at TIMESTAMP DEFAULT CURRENT_TIMESTAMP,
        is_active boolean,
        is_member_only boolean,
        min_order_amount integer,
        name varchar(255),
        shipping_fee integer,
        updated_at timestamp(6),
        primary key (shipment_policy_id)
    )
Hibernate: 
    create table status (
        status_id bigint generated by default as identity,
        name enum ('CANCELLED','COMPLETED','PENDING') not null,
        primary key (status_id)
    )
Hibernate: 
    create table tag (
        tag_id bigint generated by default as identity,
        name varchar(25) not null,
        primary key (tag_id)
    )
Hibernate: 
    create table wrap (
        wrap_id bigint generated by default as identity,
        is_active boolean not null,
        name varchar(255),
        wrap_price integer not null,
        primary key (wrap_id)
    )
Hibernate: 
    create table wrap_image (
        package_image_id bigint generated by default as identity,
        image_id bigint not null,
        wrap_id bigint not null,
        primary key (package_image_id)
    )
Hibernate: 
    create table wrap_manage (
        wrap_manage_id bigint generated by default as identity,
        order_detail_id bigint not null,
        wrap_id bigint not null,
        primary key (wrap_manage_id)
    )
Hibernate: 
    alter table if exists book 
       drop constraint if exists UKehpdfjpu1jm3hijhj4mm0hx9h
Hibernate: 
    alter table if exists book 
       add constraint UKehpdfjpu1jm3hijhj4mm0hx9h unique (isbn)
Hibernate: 
    alter table if exists category 
       drop constraint if exists UK46ccwnsi9409t36lurvtyljak
Hibernate: 
    alter table if exists category 
       add constraint UK46ccwnsi9409t36lurvtyljak unique (name)
Hibernate: 
    alter table if exists contributor 
       drop constraint if exists UKiyrn40r9a2cxg31da28q4otu9
Hibernate: 
    alter table if exists contributor 
       add constraint UKiyrn40r9a2cxg31da28q4otu9 unique (contributor_role_id, name)
Hibernate: 
    alter table if exists contributor_role 
       drop constraint if exists UK4waxswbu4hn7cyjycbbn0sn5t
Hibernate: 
    alter table if exists contributor_role 
       add constraint UK4waxswbu4hn7cyjycbbn0sn5t unique (name)
Hibernate: 
    alter table if exists coupon 
       drop constraint if exists UKdfikvnp7dxdfishfvpnlc0xc1
Hibernate: 
    alter table if exists coupon 
       add constraint UKdfikvnp7dxdfishfvpnlc0xc1 unique (name)
Hibernate: 
    alter table if exists customer 
       drop constraint if exists UKe52vu3svga42r7s9n64u1bqwx
Hibernate: 
    alter table if exists customer 
       add constraint UKe52vu3svga42r7s9n64u1bqwx unique (email, phone)
Hibernate: 
    alter table if exists "likes" 
       drop constraint if exists UKt9kdkqas7ty5ap4f1cxswiux2
Hibernate: 
    alter table if exists "likes" 
       add constraint UKt9kdkqas7ty5ap4f1cxswiux2 unique (customer_id, book_id)
Hibernate: 
    alter table if exists member 
       drop constraint if exists UKenfm5patwjqulw8k4wwuo6f60
Hibernate: 
    alter table if exists member 
       add constraint UKenfm5patwjqulw8k4wwuo6f60 unique (login_id)
Hibernate: 
    alter table if exists member_status 
       drop constraint if exists UKm3otmh3ddptr1uxvy9wrhi77u
Hibernate: 
    alter table if exists member_status 
       add constraint UKm3otmh3ddptr1uxvy9wrhi77u unique (status)
Hibernate: 
    alter table if exists orders 
       drop constraint if exists UKajhwashtm4o1ceq0a6614h2w5
Hibernate: 
    alter table if exists orders 
       add constraint UKajhwashtm4o1ceq0a6614h2w5 unique (coupon_usage_id)
Hibernate: 
    alter table if exists payment_history 
       drop constraint if exists UK62h2l1fwtqubiyuv4ccbmwos9
Hibernate: 
    alter table if exists payment_history 
       add constraint UK62h2l1fwtqubiyuv4ccbmwos9 unique (payment_code)
Hibernate: 
    alter table if exists payment_history 
       drop constraint if exists UKg1ie6kcgijgbvsg17hl123so
Hibernate: 
    alter table if exists payment_history 
       add constraint UKg1ie6kcgijgbvsg17hl123so unique (order_id)
Hibernate: 
    alter table if exists payment_method 
       drop constraint if exists UKai10u6l9urufl9pidfuhnmmcj
Hibernate: 
    alter table if exists payment_method 
       add constraint UKai10u6l9urufl9pidfuhnmmcj unique (name)
Hibernate: 
    alter table if exists point_type 
       drop constraint if exists UKspufbyiwb4241gpw01f6qr8lj
Hibernate: 
    alter table if exists point_type 
       add constraint UKspufbyiwb4241gpw01f6qr8lj unique (name)
Hibernate: 
    alter table if exists refund_history 
       drop constraint if exists UK9qcffctb7cw14b26f2y2uhg2x
Hibernate: 
    alter table if exists refund_history 
       add constraint UK9qcffctb7cw14b26f2y2uhg2x unique (order_id)
Hibernate: 
    alter table if exists review 
       drop constraint if exists UKn42kb24vdjwldm5mmr97s59aw
Hibernate: 
    alter table if exists review 
       add constraint UKn42kb24vdjwldm5mmr97s59aw unique (order_detail_id)
Hibernate: 
    alter table if exists shipment_policy 
       drop constraint if exists UKnmmiol55bf0sulpiipjhu8dem
Hibernate: 
    alter table if exists shipment_policy 
       add constraint UKnmmiol55bf0sulpiipjhu8dem unique (name)
Hibernate: 
    alter table if exists status 
       drop constraint if exists UKreccgx9nr0a8dwv201t44l6pd
Hibernate: 
    alter table if exists status 
       add constraint UKreccgx9nr0a8dwv201t44l6pd unique (name)
Hibernate: 
    alter table if exists wrap 
       drop constraint if exists UKk9vgdnyf4jbdd53kkkua6yah6
Hibernate: 
    alter table if exists wrap 
       add constraint UKk9vgdnyf4jbdd53kkkua6yah6 unique (name)
Hibernate: 
    alter table if exists wrap_manage 
       drop constraint if exists UKptruhdix9rult4k34omb71idx
Hibernate: 
    alter table if exists wrap_manage 
       add constraint UKptruhdix9rult4k34omb71idx unique (wrap_id, order_detail_id)
Hibernate: 
    alter table if exists book 
       add constraint FKgtvt7p649s4x80y6f4842pnfq 
       foreign key (publisher_id) 
       references publisher
Hibernate: 
    alter table if exists book_category 
       add constraint FKnyegcbpvce2mnmg26h0i856fd 
       foreign key (book_id) 
       references book
Hibernate: 
    alter table if exists book_category 
       add constraint FKam8llderp40mvbbwceqpu6l2s 
       foreign key (category_id) 
       references category
Hibernate: 
    alter table if exists book_contributor 
       add constraint FKoiepbipw7hohskv46ylw5f07j 
       foreign key (book_id) 
       references book
Hibernate: 
    alter table if exists book_contributor 
       add constraint FKl7sgh8rn1yvdaluuxexve19ba 
       foreign key (contributor_id) 
       references contributor
Hibernate: 
    alter table if exists book_image 
       add constraint FKh020sno0rk91annvrd960urno 
       foreign key (book_id) 
       references book
Hibernate: 
    alter table if exists book_image 
       add constraint FKf85sv8bn2cwvbcnskqkb1qlb9 
       foreign key (image_id) 
       references image
Hibernate: 
    alter table if exists book_tag 
       add constraint FKdrc33u5ufw8rdvajeveowgx7g 
       foreign key (book_id) 
       references book
Hibernate: 
    alter table if exists book_tag 
       add constraint FKrxw4xl05l6ns1763bq284e7m2 
       foreign key (tag_id) 
       references tag
Hibernate: 
    alter table if exists cart 
       add constraint FK5n0sq8ulj6ykdnrh4dnk0vfmw 
       foreign key (book_id) 
       references book
Hibernate: 
    alter table if exists cart 
       add constraint FKmjbs1cyivq2g9dae2j5varijp 
       foreign key (customer_id) 
       references member
Hibernate: 
    alter table if exists category 
       add constraint FKs2ride9gvilxy2tcuv7witnxc 
       foreign key (parent_category_id) 
       references category
Hibernate: 
    alter table if exists contributor 
       add constraint FKhcu56ncud9o9r2aiukmxos7uq 
       foreign key (contributor_role_id) 
       references contributor_role
Hibernate: 
    alter table if exists coupon 
       add constraint FKjnahg3a5otcynjdmxl7cq8p5k 
       foreign key (coupon_policy_id) 
       references coupon_policy
Hibernate: 
    alter table if exists coupon_book 
       add constraint FKbdwo8tl9x62r3rf8d6ek9jelo 
       foreign key (book_id) 
       references book
Hibernate: 
    alter table if exists coupon_book 
       add constraint FKjwbhq8txh319y6mgv6reaccl1 
       foreign key (coupon_id) 
       references coupon
Hibernate: 
    alter table if exists coupon_category 
       add constraint FK4y0p3akmcuccdc0bja38e4gi5 
       foreign key (category_id) 
       references category
Hibernate: 
    alter table if exists coupon_category 
       add constraint FK1bux7hg7xiwnicbbf3ys8j2x3 
       foreign key (coupon_id) 
       references coupon
Hibernate: 
    alter table if exists "likes" 
       add constraint FKhkm63cpavadk02bcyx1o17wtx 
       foreign key (book_id) 
       references book
Hibernate: 
    alter table if exists "likes" 
       add constraint FKe5j6y8qhm2iugqjetdoro2jqr 
       foreign key (customer_id) 
       references member
Hibernate: 
    alter table if exists member 
       add constraint FKhi5bxumx6mx2rddoja37ty8q4 
       foreign key (member_status_id) 
       references member_status
Hibernate: 
    alter table if exists member 
       add constraint FKeuue6uuygjoa79gq7ho7m7tog 
       foreign key (member_tier_id) 
       references member_tier
Hibernate: 
    alter table if exists member 
       add constraint FKbaqvakoxfn8079onqo5kaxcp9 
       foreign key (customer_id) 
       references customer
Hibernate: 
    alter table if exists member_address 
       add constraint FKip9ixawn66gnbgjh58mnt2i58 
       foreign key (customer_id) 
       references member
Hibernate: 
    alter table if exists member_coupon 
       add constraint FKkxw7ja7v55gk4a368w3gs6s0j 
       foreign key (coupon_id) 
       references coupon
Hibernate: 
    alter table if exists member_coupon 
       add constraint FKmsat2cu7mlxkoh6m83fjat3b6 
       foreign key (customer_id) 
       references member
Hibernate: 
    alter table if exists order_detail 
       add constraint FK3aceepmpjwpo8pdn7gmjdfckq 
       foreign key (book_id) 
       references book
Hibernate: 
    alter table if exists order_detail 
       add constraint FKrws2q0si6oyd6il8gqe2aennc 
       foreign key (order_id) 
       references orders
Hibernate: 
    alter table if exists orders 
       add constraint FKf1o6blpxa2kptxm5bp1k2ws5a 
       foreign key (coupon_usage_id) 
       references member_coupon
Hibernate: 
    alter table if exists orders 
       add constraint FK624gtjin3po807j3vix093tlf 
       foreign key (customer_id) 
       references customer
Hibernate: 
    alter table if exists orders 
       add constraint FKiqkvqjiti5xw0anrad7xnkvoe 
       foreign key (order_state_id) 
       references order_state
Hibernate: 
    alter table if exists payment_history 
       add constraint FKn278ec2ny1ai0e8hikff93x43 
       foreign key (order_id) 
       references orders
Hibernate: 
    alter table if exists payment_history 
       add constraint FKcxpi9bsdcjdr0imxhe9g4hoik 
       foreign key (payment_method_id) 
       references payment_method
Hibernate: 
    alter table if exists payment_history 
       add constraint FK3772s6ixp8sl4m34kuphp2v37 
       foreign key (status_id) 
       references status
Hibernate: 
    alter table if exists point_history 
       add constraint FK2fi5722is0em7g0xy047c40oj 
       foreign key (point_type_id) 
       references point_type
Hibernate: 
    alter table if exists refund_history 
       add constraint FKe1lxpav50kiioe3e5esbu7mgy 
       foreign key (order_id) 
       references orders
Hibernate: 
    alter table if exists refund_history 
       add constraint FK6a5lyubjaykpllksj46tat4kg 
       foreign key (refund_policy_id) 
       references refund_policy
Hibernate: 
    alter table if exists review 
       add constraint FK70yrt09r4r54tcgkrwbeqenbs 
       foreign key (book_id) 
       references book
Hibernate: 
    alter table if exists review 
       add constraint FKkook80i56dm2507alehaaec8u 
       foreign key (customer_id) 
       references member
Hibernate: 
    alter table if exists review 
       add constraint FKcueyxqruikr81ahlxl18e6s0y 
       foreign key (order_detail_id) 
       references order_detail
Hibernate: 
    alter table if exists review_image 
       add constraint FK1afiyx13ewycv7jqy7smnquuv 
       foreign key (image_id) 
       references image
Hibernate: 
    alter table if exists review_image 
       add constraint FK16wp089tx9nm0obc217gvdd6l 
       foreign key (review_id) 
       references review
Hibernate: 
    alter table if exists shipment 
       add constraint FKqx7fy955cdwxgc95y8tsf9dro 
       foreign key (carrier_id) 
       references carrier
Hibernate: 
    alter table if exists shipment 
       add constraint FK8amw90d62x67honrwucvjado7 
       foreign key (order_id) 
       references orders
Hibernate: 
    alter table if exists shipment 
       add constraint FKqvyp2kkojvv7icmoq0p7lq5vv 
       foreign key (shipment_policy_id) 
       references shipment_policy
Hibernate: 
    alter table if exists wrap_image 
       add constraint FK1l53qa3dipr7mquqbi57is5mf 
       foreign key (image_id) 
       references image
Hibernate: 
    alter table if exists wrap_image 
       add constraint FKn3i4cqkm26abaoqhshh8p1t3c 
       foreign key (wrap_id) 
       references wrap
Hibernate: 
    alter table if exists wrap_manage 
       add constraint FK3o8t17ymjqheaka07yx8jdyyp 
       foreign key (order_detail_id) 
       references order_detail
Hibernate: 
    alter table if exists wrap_manage 
       add constraint FKlmhq3t62e7y2w0jooo9pjkb82 
       foreign key (wrap_id) 
       references wrap
Hibernate: 
    select
        ms1_0.member_status_id,
        ms1_0.status 
    from
        member_status ms1_0 
    where
        ms1_0.member_status_id=?
Hibernate: 
    insert 
    into
        member_status
        (status, member_status_id) 
    values
        (?, default)
Hibernate: 
    select
        mt1_0.member_tier_id,
        mt1_0.acc_rate,
        mt1_0.max_promotion,
        mt1_0.min_promotion,
        mt1_0.name,
        mt1_0.status 
    from
        member_tier mt1_0 
    where
        mt1_0.member_tier_id=?
Hibernate: 
    insert 
    into
        member_tier
        (acc_rate, max_promotion, min_promotion, name, status, member_tier_id) 
    values
        (?, ?, ?, ?, ?, default)
Hibernate: 
    insert 
    into
        customer
        (email, name, phone, customer_id) 
    values
        (?, ?, ?, default)
Hibernate: 
    insert 
    into
        member
        (acc_purchase, birthday, birthday_month, gender, is_payco_login, join_date, login_id, nickname, password, point, recent_login_date, member_status_id, member_tier_id, customer_id) 
    values
        (?, ?, ?, ?, ?, ?, ?, ?, ?, ?, ?, ?, ?, ?)
Hibernate: 
    insert 
    into
        publisher
        (name, publisher_id) 
    values
        (?, default)
Hibernate: 
    insert 
    into
        book
        (description, gift_wrappable, is_active, isbn, likes, published_date, publisher_id, remain_quantity, retail_price, selling_price, title, views, book_id) 
    values
        (?, ?, ?, ?, ?, ?, ?, ?, ?, ?, ?, ?, default)
Hibernate: 
    insert 
    into
        order_state
        (name, order_state_id) 
    values
        (?, ?)
Hibernate: 
    insert 
    into
        orders
        (coupon_sale_price, coupon_usage_id, customer_id, desired_delivery_date, detail_address, order_code, order_date, order_state_id, point_usage, postal_code, receiver, road_address, shipping_fee, total_price, order_id) 
    values
        (?, ?, ?, ?, ?, ?, ?, ?, ?, ?, ?, ?, ?, ?, default)
Hibernate: 
    insert 
    into
        order_detail
        (book_id, final_price, order_id, quantity, sell_price, order_detail_id) 
    values
        (?, ?, ?, ?, ?, default)
Hibernate: 
    select
        od1_0.order_detail_id,
        o1_0.order_date,
        cast(os1_0.name as varchar),
        b1_0.title,
        od1_0.quantity,
        od1_0.final_price 
    from
        order_detail od1_0 
    join
        orders o1_0 
            on o1_0.order_id=od1_0.order_id 
    join
        order_state os1_0 
            on os1_0.order_state_id=o1_0.order_state_id 
    join
        book b1_0 
            on b1_0.book_id=od1_0.book_id 
    where
        od1_0.order_id=?
]]></system-out>
  </testcase>
</testsuite>